#
# There is insufficient memory for the Java Runtime Environment to continue.
# Native memory allocation (mmap) failed to map 199229440 bytes. Error detail: G1 virtual space
# Possible reasons:
#   The system is out of physical RAM or swap space
#   This process is running with CompressedOops enabled, and the Java Heap may be blocking the growth of the native heap
# Possible solutions:
#   Reduce memory load on the system
#   Increase physical memory or swap space
#   Check if swap backing store is full
#   Decrease Java heap size (-Xmx/-Xms)
#   Decrease number of Java threads
#   Decrease Java thread stack sizes (-Xss)
#   Set larger code cache with -XX:ReservedCodeCacheSize=
#   JVM is running with Zero Based Compressed Oops mode in which the Java heap is
#     placed in the first 32GB address space. The Java Heap base address is the
#     maximum limit for the native heap growth. Please use -XX:HeapBaseMinAddress
#     to set the Java Heap base and to place the Java Heap above 32GB virtual address.
# This output file may be truncated or incomplete.
#
#  Out of Memory Error (os_windows.cpp:3631), pid=17800, tid=18476
#
# JRE version:  (22.0.2+9) (build )
# Java VM: Java HotSpot(TM) 64-Bit Server VM (22.0.2+9-70, mixed mode, sharing, tiered, compressed oops, compressed class ptrs, g1 gc, windows-amd64)
# No core dump will be written. Minidumps are not enabled by default on client versions of Windows
#

---------------  S U M M A R Y ------------

Command Line: --enable-preview -XX:+ShowCodeDetailsInExceptionMessages Solution

Host: Intel(R) Core(TM) i5-10210U CPU @ 1.60GHz, 8 cores, 11G,  Windows 11 , 64 bit Build 22621 (10.0.22621.3958)
Time: Thu Aug 15 02:32:37 2024 India Standard Time elapsed time: 0.060696 seconds (0d 0h 0m 0s)

---------------  T H R E A D  ---------------

Current thread (0x0000023e9612ca80):  JavaThread "Unknown thread" [_thread_in_vm, id=18476, stack(0x000000fbf7c00000,0x000000fbf7d00000) (1024K)]

Stack: [0x000000fbf7c00000,0x000000fbf7d00000]
Native frames: (J=compiled Java code, j=interpreted, Vv=VM code, C=native code)
V  [jvm.dll+0x6e26e9]  (no source info available)
V  [jvm.dll+0x875753]  (no source info available)
V  [jvm.dll+0x877b7e]  (no source info available)
V  [jvm.dll+0x878253]  (no source info available)
V  [jvm.dll+0x27fc86]  (no source info available)
V  [jvm.dll+0x6ded85]  (no source info available)
V  [jvm.dll+0x6d388a]  (no source info available)
V  [jvm.dll+0x358b8a]  (no source info available)
V  [jvm.dll+0x3610b6]  (no source info available)
V  [jvm.dll+0x3b419e]  (no source info available)
V  [jvm.dll+0x3b4448]  (no source info available)
V  [jvm.dll+0x32c5ec]  (no source info available)
V  [jvm.dll+0x32d258]  (no source info available)
V  [jvm.dll+0x83d5ac]  (no source info available)
V  [jvm.dll+0x3c10d1]  (no source info available)
V  [jvm.dll+0x8264cc]  (no source info available)
V  [jvm.dll+0x45bd5e]  (no source info available)
V  [jvm.dll+0x45dbe1]  (no source info available)
C  [jli.dll+0x52a3]  (no source info available)
C  [ucrtbase.dll+0x29333]  (no source info available)
C  [KERNEL32.DLL+0x1257d]  (no source info available)
C  [ntdll.dll+0x5af28]  (no source info available)


---------------  P R O C E S S  ---------------

Threads class SMR info:
_java_thread_list=0x00007ffc4e41c1c8, length=0, elements={
}

Java Threads: ( => current thread )
Total: 0

Other Threads:
  0x0000023e9837df20 WorkerThread "GC Thread#0"                     [id=7088, stack(0x000000fbf7d00000,0x000000fbf7e00000) (1024K)]
  0x0000023e9838b5e0 ConcurrentGCThread "G1 Main Marker"            [id=20472, stack(0x000000fbf7e00000,0x000000fbf7f00000) (1024K)]
  0x0000023e9838c0f0 WorkerThread "G1 Conc#0"                       [id=9264, stack(0x000000fbf7f00000,0x000000fbf8000000) (1024K)]

[error occurred during error reporting (printing all threads), id 0xc0000005, EXCEPTION_ACCESS_VIOLATION (0xc0000005) at pc=0x00007ffc4db6f517]
VM state: not at safepoint (not fully initialized)

VM Mutex/Monitor currently owned by a thread:  ([mutex/lock_event])
[0x00007ffc4e49cc80] Heap_lock - owner thread: 0x0000023e9612ca80

Heap address: 0x0000000742800000, size: 3032 MB, Compressed Oops mode: Zero based, Oop shift amount: 3

CDS archive(s) mapped at: [0x0000000000000000-0x0000000000000000-0x0000000000000000), size 0, SharedBaseAddress: 0x0000000800000000, ArchiveRelocationMode: 1.
Narrow klass base: 0x0000000000000000, Narrow klass shift: 0, Narrow klass range: 0x0

GC Precious Log:
 CardTable entry size: 512
 Card Set container configuration: InlinePtr #cards 4 size 8 Array Of Cards #cards 16 size 48 Howl #buckets 8 coarsen threshold 3686 Howl Bitmap #cards 512 size 80 coarsen threshold 460 Card regions per heap region 1 cards per card region 4096

Heap:
 garbage-first heap   total reserved 3104768K, committed 0K, used 0K [0x0000000742800000, 0x0000000800000000)
  region size 2048K, 0 young (0K), 0 survivors (0K)

[error occurred during error reporting (printing heap information), id 0xc0000005, EXCEPTION_ACCESS_VIOLATION (0xc0000005) at pc=0x00007ffc4df6e869]
GC Heap History (0 events):
No events

Dll operation events (1 events):
Event: 0.034 Loaded shared library C:\Program Files\Java\jdk-22\bin\java.dll

Deoptimization events (0 events):
No events

Classes loaded (0 events):
No events

Classes unloaded (0 events):
No events

Classes redefined (0 events):
No events

Internal exceptions (0 events):
No events

ZGC Phase Switch (0 events):
No events

VM Operations (0 events):
No events

Memory protections (0 events):
No events

Nmethod flushes (0 events):
No events

Events (0 events):
No events


Dynamic libraries:
0x00007ff7adf30000 - 0x00007ff7adf40000 	C:\Program Files\Java\jdk-22\bin\java.exe
0x00007ffcb2010000 - 0x00007ffcb2227000 	C:\Windows\SYSTEM32\ntdll.dll
0x00007ffcb0c40000 - 0x00007ffcb0d04000 	C:\Windows\System32\KERNEL32.DLL
0x00007ffcaf360000 - 0x00007ffcaf70d000 	C:\Windows\System32\KERNELBASE.dll
0x00007ffcaf920000 - 0x00007ffcafa31000 	C:\Windows\System32\ucrtbase.dll
0x00007ffc9aec0000 - 0x00007ffc9aed7000 	C:\Program Files\Java\jdk-22\bin\jli.dll
0x00007ffcb1d60000 - 0x00007ffcb1f0e000 	C:\Windows\System32\USER32.dll
0x00007ffcaf330000 - 0x00007ffcaf356000 	C:\Windows\System32\win32u.dll
0x00007ffcb0bf0000 - 0x00007ffcb0c19000 	C:\Windows\System32\GDI32.dll
0x00007ffcaf7d0000 - 0x00007ffcaf8e9000 	C:\Windows\System32\gdi32full.dll
0x00007ffcafa40000 - 0x00007ffcafada000 	C:\Windows\System32\msvcp_win.dll
0x00007ffc95320000 - 0x00007ffc955b3000 	C:\Windows\WinSxS\amd64_microsoft.windows.common-controls_6595b64144ccf1df_6.0.22621.3672_none_2713b9d173822955\COMCTL32.dll
0x00007ffcb1510000 - 0x00007ffcb15b7000 	C:\Windows\System32\msvcrt.dll
0x00007ffc97920000 - 0x00007ffc9793b000 	C:\Program Files\Java\jdk-22\bin\VCRUNTIME140.dll
0x00007ffcafe40000 - 0x00007ffcafe71000 	C:\Windows\System32\IMM32.DLL
0x00007ffca6da0000 - 0x00007ffca6dac000 	C:\Program Files\Java\jdk-22\bin\vcruntime140_1.dll
0x00007ffc89b10000 - 0x00007ffc89b9e000 	C:\Program Files\Java\jdk-22\bin\msvcp140.dll
0x00007ffc4d830000 - 0x00007ffc4e579000 	C:\Program Files\Java\jdk-22\bin\server\jvm.dll
0x00007ffcb1ca0000 - 0x00007ffcb1d52000 	C:\Windows\System32\ADVAPI32.dll
0x00007ffcb1f20000 - 0x00007ffcb1fc9000 	C:\Windows\System32\sechost.dll
0x00007ffcaf8f0000 - 0x00007ffcaf918000 	C:\Windows\System32\bcrypt.dll
0x00007ffcb0030000 - 0x00007ffcb0144000 	C:\Windows\System32\RPCRT4.dll
0x00007ffcafd40000 - 0x00007ffcafdb1000 	C:\Windows\System32\WS2_32.dll
0x00007ffcaf1f0000 - 0x00007ffcaf23d000 	C:\Windows\SYSTEM32\POWRPROF.dll
0x00007ffca69f0000 - 0x00007ffca69fa000 	C:\Windows\SYSTEM32\VERSION.dll
0x00007ffc8df80000 - 0x00007ffc8dfb4000 	C:\Windows\SYSTEM32\WINMM.dll
0x00007ffcaf1d0000 - 0x00007ffcaf1e3000 	C:\Windows\SYSTEM32\UMPDC.dll
0x00007ffcae360000 - 0x00007ffcae378000 	C:\Windows\SYSTEM32\kernel.appcore.dll
0x00007ffc9c610000 - 0x00007ffc9c61a000 	C:\Program Files\Java\jdk-22\bin\jimage.dll
0x00007ffcacce0000 - 0x00007ffcacf12000 	C:\Windows\SYSTEM32\DBGHELP.DLL
0x00007ffcb1620000 - 0x00007ffcb19ad000 	C:\Windows\System32\combase.dll
0x00007ffcb1b30000 - 0x00007ffcb1c07000 	C:\Windows\System32\OLEAUT32.dll
0x00007ffc9ac70000 - 0x00007ffc9aca2000 	C:\Windows\SYSTEM32\dbgcore.DLL
0x00007ffcafc50000 - 0x00007ffcafccb000 	C:\Windows\System32\bcryptPrimitives.dll
0x00007ffc97520000 - 0x00007ffc9753e000 	C:\Program Files\Java\jdk-22\bin\java.dll
0x00007ffcb0280000 - 0x00007ffcb0ae7000 	C:\Windows\System32\SHELL32.dll
0x00007ffcafe80000 - 0x00007ffcb0025000 	C:\Windows\System32\ole32.dll

dbghelp: loaded successfully - version: 4.0.5 - missing functions: none
symbol engine: initialized successfully - sym options: 0x614 - pdb path: .;C:\Program Files\Java\jdk-22\bin;C:\Windows\SYSTEM32;C:\Windows\WinSxS\amd64_microsoft.windows.common-controls_6595b64144ccf1df_6.0.22621.3672_none_2713b9d173822955;C:\Program Files\Java\jdk-22\bin\server

VM Arguments:
jvm_args: --enable-preview -XX:+ShowCodeDetailsInExceptionMessages 
java_command: Solution
java_class_path (initial): C:\Users\abhin\AppData\Roaming\Code\User\workspaceStorage\89da0b41631ff5c1762d0bba93995358\redhat.java\jdt_ws\Data-Structure-Algorithm_a54d53bb\bin
Launcher Type: SUN_STANDARD

[Global flags]
     intx CICompilerCount                          = 4                                         {product} {ergonomic}
     uint ConcGCThreads                            = 2                                         {product} {ergonomic}
     uint G1ConcRefinementThreads                  = 8                                         {product} {ergonomic}
   size_t G1HeapRegionSize                         = 2097152                                   {product} {ergonomic}
   size_t InitialHeapSize                          = 199229440                                 {product} {ergonomic}
   size_t MarkStackSize                            = 4194304                                   {product} {ergonomic}
   size_t MaxHeapSize                              = 3179282432                                {product} {ergonomic}
   size_t MinHeapDeltaBytes                        = 2097152                                   {product} {ergonomic}
   size_t MinHeapSize                              = 8388608                                   {product} {ergonomic}
    uintx NonNMethodCodeHeapSize                   = 5839372                                {pd product} {ergonomic}
    uintx NonProfiledCodeHeapSize                  = 122909434                              {pd product} {ergonomic}
    uintx ProfiledCodeHeapSize                     = 122909434                              {pd product} {ergonomic}
    uintx ReservedCodeCacheSize                    = 251658240                              {pd product} {ergonomic}
     bool SegmentedCodeCache                       = true                                      {product} {ergonomic}
     bool ShowCodeDetailsInExceptionMessages       = true                                   {manageable} {command line}
   size_t SoftMaxHeapSize                          = 3179282432                             {manageable} {ergonomic}
     bool UseCompressedOops                        = true                           {product lp64_product} {ergonomic}
     bool UseG1GC                                  = true                                      {product} {ergonomic}
     bool UseLargePagesIndividualAllocation        = false                                  {pd product} {ergonomic}

Logging:
Log output configuration:
 #0: stdout all=warning uptime,level,tags foldmultilines=false
 #1: stderr all=off uptime,level,tags foldmultilines=false

Environment Variables:
PATH=C:\Program Files\Common Files\Oracle\Java\javapath;C:\Windows\system32;C:\Windows;C:\Windows\System32\Wbem;C:\Windows\System32\WindowsPowerShell\v1.0\;C:\Windows\System32\OpenSSH\;C:\msys64\ucrt64\bin;D:\Software\Git\cmd;C:\Users\abhin\AppData\Local\Microsoft\WindowsApps;C:\Users\abhin\AppData\Local\Programs\Microsoft VS Code\bin;C:\msys64\ucrt64\bin;C:\Users\abhin\AppData\Local\GitHubDesktop\bin;C:\Users\abhin\AppData\Local\spicetify
USERNAME=abhin
LANG=en_US.UTF-8
OS=Windows_NT
PROCESSOR_IDENTIFIER=Intel64 Family 6 Model 142 Stepping 12, GenuineIntel
TMP=C:\Users\abhin\AppData\Local\Temp
TEMP=C:\Users\abhin\AppData\Local\Temp




Periodic native trim disabled

---------------  S Y S T E M  ---------------

OS:
 Windows 11 , 64 bit Build 22621 (10.0.22621.3958)
OS uptime: 2 days 1:53 hours

CPU: total 8 (initial active 8) (4 cores per cpu, 2 threads per core) family 6 model 142 stepping 12 microcode 0xde, cx8, cmov, fxsr, ht, mmx, 3dnowpref, sse, sse2, sse3, ssse3, sse4.1, sse4.2, popcnt, lzcnt, tsc, tscinvbit, avx, avx2, aes, erms, clmul, bmi1, bmi2, adx, fma, vzeroupper, clflush, clflushopt, rdtscp, f16c
Processor Information for all 8 processors :
  Max Mhz: 2101, Current Mhz: 2101, Mhz Limit: 2101

Memory: 4k page, system-wide physical 12124M (502M free)
TotalPageFile size 42433M (AvailPageFile size 169M)
current process WorkingSet (physical memory assigned to process): 12M, peak: 12M
current process commit charge ("private bytes"): 60M, peak: 250M

vm_info: Java HotSpot(TM) 64-Bit Server VM (22.0.2+9-70) for windows-amd64 JRE (22.0.2+9-70), built on 2024-06-04T16:52:23Z by "mach5one" with MS VC++ 17.6 (VS2022)

END.
